  TRShadingPipeline.cpp
F:\homework\计算机图形学\Assignment3_Lighting_Texturing\CGAssignment3\src\TRShadingPipeline.cpp(21,45): warning C4244: “=”: 从“float”转换到“T”，可能丢失数据
F:\homework\计算机图形学\Assignment3_Lighting_Texturing\CGAssignment3\src\TRShadingPipeline.cpp(21,45): warning C4244:         with
F:\homework\计算机图形学\Assignment3_Lighting_Texturing\CGAssignment3\src\TRShadingPipeline.cpp(21,45): warning C4244:         [
F:\homework\计算机图形学\Assignment3_Lighting_Texturing\CGAssignment3\src\TRShadingPipeline.cpp(21,45): warning C4244:             T=int
F:\homework\计算机图形学\Assignment3_Lighting_Texturing\CGAssignment3\src\TRShadingPipeline.cpp(21,45): warning C4244:         ]
F:\homework\计算机图形学\Assignment3_Lighting_Texturing\CGAssignment3\src\TRShadingPipeline.cpp(22,45): warning C4244: “=”: 从“float”转换到“T”，可能丢失数据
F:\homework\计算机图形学\Assignment3_Lighting_Texturing\CGAssignment3\src\TRShadingPipeline.cpp(22,45): warning C4244:         with
F:\homework\计算机图形学\Assignment3_Lighting_Texturing\CGAssignment3\src\TRShadingPipeline.cpp(22,45): warning C4244:         [
F:\homework\计算机图形学\Assignment3_Lighting_Texturing\CGAssignment3\src\TRShadingPipeline.cpp(22,45): warning C4244:             T=int
F:\homework\计算机图形学\Assignment3_Lighting_Texturing\CGAssignment3\src\TRShadingPipeline.cpp(22,45): warning C4244:         ]
F:\homework\计算机图形学\Assignment3_Lighting_Texturing\CGAssignment3\src\TRShadingPipeline.cpp(41,53): warning C4244: “=”: 从“T”转换到“T”，可能丢失数据
F:\homework\计算机图形学\Assignment3_Lighting_Texturing\CGAssignment3\src\TRShadingPipeline.cpp(41,53): warning C4244:         with
F:\homework\计算机图形学\Assignment3_Lighting_Texturing\CGAssignment3\src\TRShadingPipeline.cpp(41,53): warning C4244:         [
F:\homework\计算机图形学\Assignment3_Lighting_Texturing\CGAssignment3\src\TRShadingPipeline.cpp(41,53): warning C4244:             T=float
F:\homework\计算机图形学\Assignment3_Lighting_Texturing\CGAssignment3\src\TRShadingPipeline.cpp(41,53): warning C4244:         ]
F:\homework\计算机图形学\Assignment3_Lighting_Texturing\CGAssignment3\src\TRShadingPipeline.cpp(41,53): warning C4244:         and
F:\homework\计算机图形学\Assignment3_Lighting_Texturing\CGAssignment3\src\TRShadingPipeline.cpp(41,53): warning C4244:         [
F:\homework\计算机图形学\Assignment3_Lighting_Texturing\CGAssignment3\src\TRShadingPipeline.cpp(41,53): warning C4244:             T=int
F:\homework\计算机图形学\Assignment3_Lighting_Texturing\CGAssignment3\src\TRShadingPipeline.cpp(41,53): warning C4244:         ]
F:\homework\计算机图形学\Assignment3_Lighting_Texturing\CGAssignment3\src\TRShadingPipeline.cpp(42,53): warning C4244: “=”: 从“T”转换到“T”，可能丢失数据
F:\homework\计算机图形学\Assignment3_Lighting_Texturing\CGAssignment3\src\TRShadingPipeline.cpp(42,53): warning C4244:         with
F:\homework\计算机图形学\Assignment3_Lighting_Texturing\CGAssignment3\src\TRShadingPipeline.cpp(42,53): warning C4244:         [
F:\homework\计算机图形学\Assignment3_Lighting_Texturing\CGAssignment3\src\TRShadingPipeline.cpp(42,53): warning C4244:             T=float
F:\homework\计算机图形学\Assignment3_Lighting_Texturing\CGAssignment3\src\TRShadingPipeline.cpp(42,53): warning C4244:         ]
F:\homework\计算机图形学\Assignment3_Lighting_Texturing\CGAssignment3\src\TRShadingPipeline.cpp(42,53): warning C4244:         and
F:\homework\计算机图形学\Assignment3_Lighting_Texturing\CGAssignment3\src\TRShadingPipeline.cpp(42,53): warning C4244:         [
F:\homework\计算机图形学\Assignment3_Lighting_Texturing\CGAssignment3\src\TRShadingPipeline.cpp(42,53): warning C4244:             T=int
F:\homework\计算机图形学\Assignment3_Lighting_Texturing\CGAssignment3\src\TRShadingPipeline.cpp(42,53): warning C4244:         ]
F:\homework\计算机图形学\Assignment3_Lighting_Texturing\CGAssignment3\src\TRShadingPipeline.cpp(211,39): warning C4018: “<=”: 有符号/无符号不匹配
F:\homework\计算机图形学\Assignment3_Lighting_Texturing\CGAssignment3\src\TRShadingPipeline.cpp(211,88): warning C4018: “<=”: 有符号/无符号不匹配
F:\homework\计算机图形学\Assignment3_Lighting_Texturing\CGAssignment3\src\TRShadingPipeline.cpp(235,39): warning C4018: “<”: 有符号/无符号不匹配
F:\homework\计算机图形学\Assignment3_Lighting_Texturing\CGAssignment3\src\TRShadingPipeline.cpp(235,87): warning C4018: “<”: 有符号/无符号不匹配
F:\homework\计算机图形学\Assignment3_Lighting_Texturing\CGAssignment3\src\TRShadingPipeline.cpp(265,26): warning C4018: “>=”: 有符号/无符号不匹配
F:\homework\计算机图形学\Assignment3_Lighting_Texturing\CGAssignment3\src\TRShadingPipeline.cpp(404,23): warning C4244: “=”: 从“double”转换到“float”，可能丢失数据
  CGAssignment3.vcxproj -> F:\homework\计算机图形学\Assignment3_Lighting_Texturing\CGAssignment3\build\Release\CGAssignment3.exe
